Added Component: Designator=C1(0402C)
Add component. Clean all parameters for all variants
Added Component: Designator=C2(0402C)
Add component. Clean all parameters for all variants
Added Component: Designator=C3(0402C)
Add component. Clean all parameters for all variants
Added Component: Designator=C4(0402C)
Add component. Clean all parameters for all variants
Added Component: Designator=C5(0402C)
Add component. Clean all parameters for all variants
Added Component: Designator=C6(0402C)
Add component. Clean all parameters for all variants
Added Component: Designator=C7(0402C)
Add component. Clean all parameters for all variants
Added Component: Designator=C8(0402C)
Add component. Clean all parameters for all variants
Added Component: Designator=C9(0402C)
Add component. Clean all parameters for all variants
Added Component: Designator=C10(0402C)
Add component. Clean all parameters for all variants
Added Component: Designator=C11(0402C)
Add component. Clean all parameters for all variants
Added Component: Designator=C12(0402C)
Add component. Clean all parameters for all variants
Added Component: Designator=C13(0402C)
Add component. Clean all parameters for all variants
Added Component: Designator=C14(0402C)
Add component. Clean all parameters for all variants
Added Component: Designator=C15(0402C)
Add component. Clean all parameters for all variants
Added Component: Designator=C16(0402C)
Add component. Clean all parameters for all variants
Added Component: Designator=C17(0402C)
Add component. Clean all parameters for all variants
Added Component: Designator=C18(0402C)
Add component. Clean all parameters for all variants
Added Component: Designator=C19(0402C)
Add component. Clean all parameters for all variants
Added Component: Designator=C20(0402C)
Add component. Clean all parameters for all variants
Added Component: Designator=C21(0402C)
Add component. Clean all parameters for all variants
Added Component: Designator=C22(0402C)
Add component. Clean all parameters for all variants
Added Component: Designator=C23(0402C)
Add component. Clean all parameters for all variants
Added Component: Designator=C24(0402C)
Add component. Clean all parameters for all variants
Added Component: Designator=C25(0402C)
Add component. Clean all parameters for all variants
Added Component: Designator=C26(0402C)
Add component. Clean all parameters for all variants
Added Component: Designator=C27(0402C)
Add component. Clean all parameters for all variants
Added Component: Designator=C28(0402C)
Add component. Clean all parameters for all variants
Added Component: Designator=C29(0402C)
Add component. Clean all parameters for all variants
Added Component: Designator=C30(0402C)
Add component. Clean all parameters for all variants
Added Component: Designator=C31(0402C)
Add component. Clean all parameters for all variants
Added Component: Designator=C32(0402C)
Add component. Clean all parameters for all variants
Added Component: Designator=C33(0402C)
Add component. Clean all parameters for all variants
Added Component: Designator=C34(0402C)
Add component. Clean all parameters for all variants
Added Component: Designator=C35(0402C)
Add component. Clean all parameters for all variants
Added Component: Designator=D1(SOD123)
Add component. Clean all parameters for all variants
Added Component: Designator=H1(USB_MICRO_insert)
Add component. Clean all parameters for all variants
Added Component: Designator=H2(FPC-40P-0.5)
Add component. Clean all parameters for all variants
Added Component: Designator=L1(0603R)
Add component. Clean all parameters for all variants
Added Component: Designator=L2(0603R)
Add component. Clean all parameters for all variants
Added Component: Designator=L3(0603R)
Add component. Clean all parameters for all variants
Added Component: Designator=L4(0603R)
Add component. Clean all parameters for all variants
Added Component: Designator=R1(0402R)
Add component. Clean all parameters for all variants
Added Component: Designator=R2(0402R)
Add component. Clean all parameters for all variants
Added Component: Designator=R3(0402R)
Add component. Clean all parameters for all variants
Added Component: Designator=R4(0402R)
Add component. Clean all parameters for all variants
Added Component: Designator=R5(0402R)
Add component. Clean all parameters for all variants
Added Component: Designator=R6(0402R)
Add component. Clean all parameters for all variants
Added Component: Designator=R7(0402R)
Add component. Clean all parameters for all variants
Added Component: Designator=R8(0402R)
Add component. Clean all parameters for all variants
Added Component: Designator=R9(0402R)
Add component. Clean all parameters for all variants
Added Component: Designator=R10(0402R)
Add component. Clean all parameters for all variants
Added Component: Designator=R11(0402R)
Add component. Clean all parameters for all variants
Added Component: Designator=R12(0402R)
Add component. Clean all parameters for all variants
Added Component: Designator=R13(0402R)
Add component. Clean all parameters for all variants
Added Component: Designator=R14(0402R)
Add component. Clean all parameters for all variants
Added Component: Designator=R15(0402R)
Add component. Clean all parameters for all variants
Added Component: Designator=R16(0402R)
Add component. Clean all parameters for all variants
Added Component: Designator=R17(0402R)
Add component. Clean all parameters for all variants
Added Component: Designator=R18(0402R)
Add component. Clean all parameters for all variants
Added Component: Designator=R19(0402R)
Add component. Clean all parameters for all variants
Added Component: Designator=R20(0402R)
Add component. Clean all parameters for all variants
Added Component: Designator=R21(0402R)
Add component. Clean all parameters for all variants
Added Component: Designator=R22(0402R)
Add component. Clean all parameters for all variants
Added Component: Designator=R23(0402R)
Add component. Clean all parameters for all variants
Added Component: Designator=U1(QFN20-3x3)
Add component. Clean all parameters for all variants
Added Component: Designator=U2(QFN88-0.4)
Add component. Clean all parameters for all variants
Added Component: Designator=U3(SOT-23)
Add component. Clean all parameters for all variants
Added Component: Designator=U4(sot23_6)
Add component. Clean all parameters for all variants
Added Component: Designator=U5(TF_self-eject)
Add component. Clean all parameters for all variants
Added Component: Designator=U6(SO-8M)
Add component. Clean all parameters for all variants
Added Component: Designator=U7(MSOP10)
Add component. Clean all parameters for all variants
Added Component: Designator=X1(SMD_3225)
Add component. Clean all parameters for all variants
Added Pin To Net: NetName=1V1 Pin=C3-1
Added Pin To Net: NetName=1V1 Pin=C4-1
Added Pin To Net: NetName=1V1 Pin=C30-1
Added Pin To Net: NetName=1V1 Pin=C31-1
Added Pin To Net: NetName=1V1 Pin=C32-1
Added Pin To Net: NetName=1V1 Pin=L1-2
Added Pin To Net: NetName=1V1 Pin=R1-2
Added Pin To Net: NetName=1V1 Pin=U2-22
Added Pin To Net: NetName=1V1 Pin=U2-35
Added Pin To Net: NetName=1V1 Pin=U2-71
Added Net: Name=1V1
Added Pin To Net: NetName=2V5 Pin=C9-1
Added Pin To Net: NetName=2V5 Pin=C10-1
Added Pin To Net: NetName=2V5 Pin=C22-1
Added Pin To Net: NetName=2V5 Pin=C26-1
Added Pin To Net: NetName=2V5 Pin=C27-1
Added Pin To Net: NetName=2V5 Pin=L2-2
Added Pin To Net: NetName=2V5 Pin=R4-2
Added Pin To Net: NetName=2V5 Pin=R21-2
Added Pin To Net: NetName=2V5 Pin=U2-30
Added Pin To Net: NetName=2V5 Pin=U2-31
Added Pin To Net: NetName=2V5 Pin=U2-32
Added Pin To Net: NetName=2V5 Pin=U2-34
Added Pin To Net: NetName=2V5 Pin=U2-36
Added Net: Name=2V5
Added Pin To Net: NetName=3V0 Pin=C14-1
Added Pin To Net: NetName=3V0 Pin=C15-1
Added Pin To Net: NetName=3V0 Pin=U2-82
Added Pin To Net: NetName=3V0 Pin=U3-2
Added Net: Name=3V0
Added Pin To Net: NetName=3V3 Pin=C12-1
Added Pin To Net: NetName=3V3 Pin=C13-1
Added Pin To Net: NetName=3V3 Pin=C20-1
Added Pin To Net: NetName=3V3 Pin=C33-1
Added Pin To Net: NetName=3V3 Pin=C34-1
Added Pin To Net: NetName=3V3 Pin=C35-1
Added Pin To Net: NetName=3V3 Pin=H2-4
Added Pin To Net: NetName=3V3 Pin=H2-31
Added Pin To Net: NetName=3V3 Pin=L3-2
Added Pin To Net: NetName=3V3 Pin=R2-1
Added Pin To Net: NetName=3V3 Pin=R6-1
Added Pin To Net: NetName=3V3 Pin=R7-2
Added Pin To Net: NetName=3V3 Pin=R10-1
Added Pin To Net: NetName=3V3 Pin=R11-2
Added Pin To Net: NetName=3V3 Pin=R12-2
Added Pin To Net: NetName=3V3 Pin=R13-2
Added Pin To Net: NetName=3V3 Pin=R14-2
Added Pin To Net: NetName=3V3 Pin=R15-2
Added Pin To Net: NetName=3V3 Pin=R17-1
Added Pin To Net: NetName=3V3 Pin=R23-1
Added Pin To Net: NetName=3V3 Pin=U2-4
Added Pin To Net: NetName=3V3 Pin=U2-5
Added Pin To Net: NetName=3V3 Pin=U2-20
Added Pin To Net: NetName=3V3 Pin=U2-50
Added Pin To Net: NetName=3V3 Pin=U2-67
Added Pin To Net: NetName=3V3 Pin=U3-3
Added Pin To Net: NetName=3V3 Pin=U5-4
Added Pin To Net: NetName=3V3 Pin=U6-3
Added Pin To Net: NetName=3V3 Pin=U6-7
Added Pin To Net: NetName=3V3 Pin=U6-8
Added Pin To Net: NetName=3V3 Pin=U7-1
Added Net: Name=3V3
Added Pin To Net: NetName=5V Pin=C2-1
Added Pin To Net: NetName=5V Pin=C6-1
Added Pin To Net: NetName=5V Pin=C8-1
Added Pin To Net: NetName=5V Pin=C11-1
Added Pin To Net: NetName=5V Pin=C17-2
Added Pin To Net: NetName=5V Pin=H1-1
Added Pin To Net: NetName=5V Pin=L4-2
Added Pin To Net: NetName=5V Pin=U1-7
Added Pin To Net: NetName=5V Pin=U1-8
Added Pin To Net: NetName=5V Pin=U1-9
Added Pin To Net: NetName=5V Pin=U1-10
Added Pin To Net: NetName=5V Pin=U1-16
Added Pin To Net: NetName=5V Pin=U1-18
Added Pin To Net: NetName=5V Pin=U1-19
Added Pin To Net: NetName=5V Pin=U4-6
Added Net: Name=5V
Added Pin To Net: NetName=CLK_OUT Pin=U2-38
Added Pin To Net: NetName=CLK_OUT Pin=U7-10
Added Net: Name=CLK_OUT
Added Pin To Net: NetName=CSI_D0 Pin=U2-46
Added Net: Name=CSI_D0
Added Pin To Net: NetName=CSI_D1 Pin=U2-45
Added Net: Name=CSI_D1
Added Pin To Net: NetName=CSI_D2 Pin=U2-44
Added Net: Name=CSI_D2
Added Pin To Net: NetName=CSI_D3 Pin=R16-1
Added Pin To Net: NetName=CSI_D3 Pin=U2-43
Added Net: Name=CSI_D3
Added Pin To Net: NetName=CSI_D4 Pin=U2-42
Added Net: Name=CSI_D4
Added Pin To Net: NetName=CSI_D5 Pin=U2-41
Added Net: Name=CSI_D5
Added Pin To Net: NetName=CSI_D6 Pin=U2-40
Added Net: Name=CSI_D6
Added Pin To Net: NetName=CSI_D7 Pin=U2-39
Added Net: Name=CSI_D7
Added Pin To Net: NetName=CSI_HSYNC Pin=U2-49
Added Net: Name=CSI_HSYNC
Added Pin To Net: NetName=CSI_PCLK Pin=R9-2
Added Pin To Net: NetName=CSI_PCLK Pin=U2-47
Added Net: Name=CSI_PCLK
Added Pin To Net: NetName=CSI_VSYNC Pin=U2-48
Added Net: Name=CSI_VSYNC
Added Pin To Net: NetName=DA_MCLK Pin=U2-37
Added Pin To Net: NetName=DA_MCLK Pin=U7-9
Added Net: Name=DA_MCLK
Added Pin To Net: NetName=FMINL Pin=U2-84
Added Net: Name=FMINL
Added Pin To Net: NetName=FMINR Pin=U2-85
Added Net: Name=FMINR
Added Pin To Net: NetName=GND Pin=C1-1
Added Pin To Net: NetName=GND Pin=C2-2
Added Pin To Net: NetName=GND Pin=C3-2
Added Pin To Net: NetName=GND Pin=C5-2
Added Pin To Net: NetName=GND Pin=C6-2
Added Pin To Net: NetName=GND Pin=C7-2
Added Pin To Net: NetName=GND Pin=C8-2
Added Pin To Net: NetName=GND Pin=C9-2
Added Pin To Net: NetName=GND Pin=C11-2
Added Pin To Net: NetName=GND Pin=C12-2
Added Pin To Net: NetName=GND Pin=C14-2
Added Pin To Net: NetName=GND Pin=C15-2
Added Pin To Net: NetName=GND Pin=C16-2
Added Pin To Net: NetName=GND Pin=C17-1
Added Pin To Net: NetName=GND Pin=C18-2
Added Pin To Net: NetName=GND Pin=C19-2
Added Pin To Net: NetName=GND Pin=C20-2
Added Pin To Net: NetName=GND Pin=C23-2
Added Pin To Net: NetName=GND Pin=C24-2
Added Pin To Net: NetName=GND Pin=C25-2
Added Pin To Net: NetName=GND Pin=C26-2
Added Pin To Net: NetName=GND Pin=C27-2
Added Pin To Net: NetName=GND Pin=C28-2
Added Pin To Net: NetName=GND Pin=C29-2
Added Pin To Net: NetName=GND Pin=C30-2
Added Pin To Net: NetName=GND Pin=C31-2
Added Pin To Net: NetName=GND Pin=C32-2
Added Pin To Net: NetName=GND Pin=C33-2
Added Pin To Net: NetName=GND Pin=C34-2
Added Pin To Net: NetName=GND Pin=C35-2
Added Pin To Net: NetName=GND Pin=H1-5
Added Pin To Net: NetName=GND Pin=H1-6
Added Pin To Net: NetName=GND Pin=H1-7
Added Pin To Net: NetName=GND Pin=H1-8
Added Pin To Net: NetName=GND Pin=H1-9
Added Pin To Net: NetName=GND Pin=H2-3
Added Pin To Net: NetName=GND Pin=H2-5
Added Pin To Net: NetName=GND Pin=H2-6
Added Pin To Net: NetName=GND Pin=H2-13
Added Pin To Net: NetName=GND Pin=H2-14
Added Pin To Net: NetName=GND Pin=H2-21
Added Pin To Net: NetName=GND Pin=H2-22
Added Pin To Net: NetName=GND Pin=H2-29
Added Pin To Net: NetName=GND Pin=H2-36
Added Pin To Net: NetName=GND Pin=H2-41
Added Pin To Net: NetName=GND Pin=H2-42
Added Pin To Net: NetName=GND Pin=R3-1
Added Pin To Net: NetName=GND Pin=R5-1
Added Pin To Net: NetName=GND Pin=R8-1
Added Pin To Net: NetName=GND Pin=R18-1
Added Pin To Net: NetName=GND Pin=R19-1
Added Pin To Net: NetName=GND Pin=R20-1
Added Pin To Net: NetName=GND Pin=R22-1
Added Pin To Net: NetName=GND Pin=U1-1
Added Pin To Net: NetName=GND Pin=U1-4
Added Pin To Net: NetName=GND Pin=U1-5
Added Pin To Net: NetName=GND Pin=U1-12
Added Pin To Net: NetName=GND Pin=U1-13
Added Pin To Net: NetName=GND Pin=U1-15
Added Pin To Net: NetName=GND Pin=U1-17
Added Pin To Net: NetName=GND Pin=U1-21
Added Pin To Net: NetName=GND Pin=U2-74
Added Pin To Net: NetName=GND Pin=U2-80
Added Pin To Net: NetName=GND Pin=U2-89
Added Pin To Net: NetName=GND Pin=U3-1
Added Pin To Net: NetName=GND Pin=U4-2
Added Pin To Net: NetName=GND Pin=U5-6
Added Pin To Net: NetName=GND Pin=U5-10
Added Pin To Net: NetName=GND Pin=U5-11
Added Pin To Net: NetName=GND Pin=U5-12
Added Pin To Net: NetName=GND Pin=U5-13
Added Pin To Net: NetName=GND Pin=U6-4
Added Pin To Net: NetName=GND Pin=U7-6
Added Pin To Net: NetName=GND Pin=U7-8
Added Pin To Net: NetName=GND Pin=X1-2
Added Pin To Net: NetName=GND Pin=X1-4
Added Net: Name=GND
Added Pin To Net: NetName=HOSCI Pin=C7-1
Added Pin To Net: NetName=HOSCI Pin=U2-51
Added Pin To Net: NetName=HOSCI Pin=X1-1
Added Net: Name=HOSCI
Added Pin To Net: NetName=HOSCO Pin=C1-2
Added Pin To Net: NetName=HOSCO Pin=U2-52
Added Pin To Net: NetName=HOSCO Pin=X1-3
Added Net: Name=HOSCO
Added Pin To Net: NetName=HPCOMFB Pin=U2-2
Added Net: Name=HPCOMFB
Added Pin To Net: NetName=HPCOM Pin=U2-3
Added Net: Name=HPCOM
Added Pin To Net: NetName=HPL Pin=U2-1
Added Net: Name=HPL
Added Pin To Net: NetName=HPR Pin=U2-88
Added Net: Name=HPR
Added Pin To Net: NetName=LCD_CLK Pin=H2-30
Added Pin To Net: NetName=LCD_CLK Pin=U2-26
Added Net: Name=LCD_CLK
Added Pin To Net: NetName=LCD_D2 Pin=H2-23
Added Pin To Net: NetName=LCD_D2 Pin=U2-6
Added Net: Name=LCD_D2
Added Pin To Net: NetName=LCD_D3 Pin=H2-24
Added Pin To Net: NetName=LCD_D3 Pin=U2-7
Added Net: Name=LCD_D3
Added Pin To Net: NetName=LCD_D4 Pin=H2-25
Added Pin To Net: NetName=LCD_D4 Pin=U2-8
Added Net: Name=LCD_D4
Added Pin To Net: NetName=LCD_D5 Pin=H2-26
Added Pin To Net: NetName=LCD_D5 Pin=U2-9
Added Net: Name=LCD_D5
Added Pin To Net: NetName=LCD_D6 Pin=H2-27
Added Pin To Net: NetName=LCD_D6 Pin=U2-10
Added Net: Name=LCD_D6
Added Pin To Net: NetName=LCD_D7 Pin=H2-28
Added Pin To Net: NetName=LCD_D7 Pin=U2-11
Added Net: Name=LCD_D7
Added Pin To Net: NetName=LCD_D10 Pin=H2-15
Added Pin To Net: NetName=LCD_D10 Pin=U2-12
Added Net: Name=LCD_D10
Added Pin To Net: NetName=LCD_D11 Pin=H2-16
Added Pin To Net: NetName=LCD_D11 Pin=U2-13
Added Net: Name=LCD_D11
Added Pin To Net: NetName=LCD_D12 Pin=H2-17
Added Pin To Net: NetName=LCD_D12 Pin=U2-14
Added Net: Name=LCD_D12
Added Pin To Net: NetName=LCD_D13 Pin=H2-18
Added Pin To Net: NetName=LCD_D13 Pin=U2-15
Added Net: Name=LCD_D13
Added Pin To Net: NetName=LCD_D14 Pin=H2-19
Added Pin To Net: NetName=LCD_D14 Pin=U2-16
Added Net: Name=LCD_D14
Added Pin To Net: NetName=LCD_D15 Pin=H2-20
Added Pin To Net: NetName=LCD_D15 Pin=U2-17
Added Net: Name=LCD_D15
Added Pin To Net: NetName=LCD_D18 Pin=H2-7
Added Pin To Net: NetName=LCD_D18 Pin=U2-18
Added Net: Name=LCD_D18
Added Pin To Net: NetName=LCD_D19 Pin=H2-8
Added Pin To Net: NetName=LCD_D19 Pin=U2-19
Added Net: Name=LCD_D19
Added Pin To Net: NetName=LCD_D20 Pin=H2-9
Added Pin To Net: NetName=LCD_D20 Pin=U2-21
Added Net: Name=LCD_D20
Added Pin To Net: NetName=LCD_D21 Pin=H2-10
Added Pin To Net: NetName=LCD_D21 Pin=U2-23
Added Net: Name=LCD_D21
Added Pin To Net: NetName=LCD_D22 Pin=H2-11
Added Pin To Net: NetName=LCD_D22 Pin=U2-24
Added Net: Name=LCD_D22
Added Pin To Net: NetName=LCD_D23 Pin=H2-12
Added Pin To Net: NetName=LCD_D23 Pin=U2-25
Added Net: Name=LCD_D23
Added Pin To Net: NetName=LCD_DE Pin=H2-34
Added Pin To Net: NetName=LCD_DE Pin=U2-27
Added Net: Name=LCD_DE
Added Pin To Net: NetName=LCD_HSYNC Pin=H2-32
Added Pin To Net: NetName=LCD_HSYNC Pin=U2-28
Added Net: Name=LCD_HSYNC
Added Pin To Net: NetName=LCD_VSYNC Pin=H2-33
Added Pin To Net: NetName=LCD_VSYNC Pin=U2-29
Added Net: Name=LCD_VSYNC
Added Pin To Net: NetName=LINEIN Pin=U2-86
Added Net: Name=LINEIN
Added Pin To Net: NetName=LRADC Pin=U2-79
Added Net: Name=LRADC
Added Pin To Net: NetName=MICIN Pin=U2-87
Added Net: Name=MICIN
Added Pin To Net: NetName=NetC4_2 Pin=C4-2
Added Pin To Net: NetName=NetC4_2 Pin=R1-1
Added Pin To Net: NetName=NetC4_2 Pin=R3-2
Added Pin To Net: NetName=NetC4_2 Pin=U1-14
Added Net: Name=NetC4_2
Added Pin To Net: NetName=NetC10_2 Pin=C10-2
Added Pin To Net: NetName=NetC10_2 Pin=R4-1
Added Pin To Net: NetName=NetC10_2 Pin=R5-2
Added Pin To Net: NetName=NetC10_2 Pin=U1-3
Added Net: Name=NetC10_2
Added Pin To Net: NetName=NetC13_2 Pin=C13-2
Added Pin To Net: NetName=NetC13_2 Pin=R7-1
Added Pin To Net: NetName=NetC13_2 Pin=R8-2
Added Pin To Net: NetName=NetC13_2 Pin=U1-2
Added Net: Name=NetC13_2
Added Pin To Net: NetName=NetD1_1 Pin=D1-1
Added Pin To Net: NetName=NetD1_1 Pin=L4-1
Added Pin To Net: NetName=NetD1_1 Pin=U4-1
Added Net: Name=NetD1_1
Added Pin To Net: NetName=NetL1_1 Pin=L1-1
Added Pin To Net: NetName=NetL1_1 Pin=U1-11
Added Net: Name=NetL1_1
Added Pin To Net: NetName=NetL2_1 Pin=L2-1
Added Pin To Net: NetName=NetL2_1 Pin=U1-6
Added Net: Name=NetL2_1
Added Pin To Net: NetName=NetL3_1 Pin=L3-1
Added Pin To Net: NetName=NetL3_1 Pin=U1-20
Added Net: Name=NetL3_1
Added Pin To Net: NetName=NetR16_2 Pin=R16-2
Added Pin To Net: NetName=NetR16_2 Pin=R17-2
Added Pin To Net: NetName=NetR16_2 Pin=U4-4
Added Net: Name=NetR16_2
Added Pin To Net: NetName=PA0 Pin=U2-66
Added Net: Name=PA0
Added Pin To Net: NetName=PA1 Pin=U2-65
Added Net: Name=PA1
Added Pin To Net: NetName=PA2 Pin=U2-64
Added Net: Name=PA2
Added Pin To Net: NetName=PA3 Pin=U2-63
Added Net: Name=PA3
Added Pin To Net: NetName=RESET Pin=C5-1
Added Pin To Net: NetName=RESET Pin=R2-2
Added Pin To Net: NetName=RESET Pin=U2-70
Added Net: Name=RESET
Added Pin To Net: NetName=SDC0_CLK Pin=U2-56
Added Pin To Net: NetName=SDC0_CLK Pin=U5-5
Added Net: Name=SDC0_CLK
Added Pin To Net: NetName=SDC0_CMD Pin=R13-1
Added Pin To Net: NetName=SDC0_CMD Pin=U2-55
Added Pin To Net: NetName=SDC0_CMD Pin=U5-3
Added Net: Name=SDC0_CMD
Added Pin To Net: NetName=SDC0_D0 Pin=R12-1
Added Pin To Net: NetName=SDC0_D0 Pin=U2-57
Added Pin To Net: NetName=SDC0_D0 Pin=U5-7
Added Net: Name=SDC0_D0
Added Pin To Net: NetName=SDC0_D1 Pin=R11-1
Added Pin To Net: NetName=SDC0_D1 Pin=U2-58
Added Pin To Net: NetName=SDC0_D1 Pin=U5-8
Added Net: Name=SDC0_D1
Added Pin To Net: NetName=SDC0_D2 Pin=R15-1
Added Pin To Net: NetName=SDC0_D2 Pin=U2-53
Added Pin To Net: NetName=SDC0_D2 Pin=U5-1
Added Net: Name=SDC0_D2
Added Pin To Net: NetName=SDC0_D3 Pin=R14-1
Added Pin To Net: NetName=SDC0_D3 Pin=U2-54
Added Pin To Net: NetName=SDC0_D3 Pin=U5-2
Added Net: Name=SDC0_D3
Added Pin To Net: NetName=SPI0_CLK Pin=U2-59
Added Pin To Net: NetName=SPI0_CLK Pin=U6-6
Added Net: Name=SPI0_CLK
Added Pin To Net: NetName=SPI0_CS Pin=R23-2
Added Pin To Net: NetName=SPI0_CS Pin=U2-60
Added Pin To Net: NetName=SPI0_CS Pin=U6-1
Added Net: Name=SPI0_CS
Added Pin To Net: NetName=SPI0_MISO Pin=U2-61
Added Pin To Net: NetName=SPI0_MISO Pin=U6-2
Added Net: Name=SPI0_MISO
Added Pin To Net: NetName=SPI0_MOSI Pin=U2-62
Added Pin To Net: NetName=SPI0_MOSI Pin=U6-5
Added Net: Name=SPI0_MOSI
Added Pin To Net: NetName=SVREF Pin=C22-2
Added Pin To Net: NetName=SVREF Pin=C23-1
Added Pin To Net: NetName=SVREF Pin=R21-1
Added Pin To Net: NetName=SVREF Pin=R22-2
Added Pin To Net: NetName=SVREF Pin=U2-33
Added Net: Name=SVREF
Added Pin To Net: NetName=TP_INT Pin=U7-7
Added Net: Name=TP_INT
Added Pin To Net: NetName=TPX1 Pin=H2-37
Added Pin To Net: NetName=TPX1 Pin=U7-2
Added Net: Name=TPX1
Added Pin To Net: NetName=TPX2 Pin=H2-39
Added Pin To Net: NetName=TPX2 Pin=U7-4
Added Net: Name=TPX2
Added Pin To Net: NetName=TPY1 Pin=H2-38
Added Pin To Net: NetName=TPY1 Pin=U7-3
Added Net: Name=TPY1
Added Pin To Net: NetName=TPY2 Pin=H2-40
Added Pin To Net: NetName=TPY2 Pin=U7-5
Added Net: Name=TPY2
Added Pin To Net: NetName=TV_OUT Pin=U2-72
Added Net: Name=TV_OUT
Added Pin To Net: NetName=TV_VRN Pin=C21-2
Added Pin To Net: NetName=TV_VRN Pin=C25-1
Added Pin To Net: NetName=TV_VRN Pin=U2-75
Added Net: Name=TV_VRN
Added Pin To Net: NetName=TV_VRP Pin=C21-1
Added Pin To Net: NetName=TV_VRP Pin=C24-1
Added Pin To Net: NetName=TV_VRP Pin=U2-76
Added Net: Name=TV_VRP
Added Pin To Net: NetName=TVIN0 Pin=U2-78
Added Net: Name=TVIN0
Added Pin To Net: NetName=TVIN1 Pin=U2-77
Added Net: Name=TVIN1
Added Pin To Net: NetName=USB_DM Pin=H1-2
Added Pin To Net: NetName=USB_DM Pin=U2-68
Added Net: Name=USB_DM
Added Pin To Net: NetName=USB_DP Pin=H1-3
Added Pin To Net: NetName=USB_DP Pin=U2-69
Added Net: Name=USB_DP
Added Pin To Net: NetName=USB_ID Pin=H1-4
Added Pin To Net: NetName=USB_ID Pin=R6-2
Added Pin To Net: NetName=USB_ID Pin=R9-1
Added Net: Name=USB_ID
Added Pin To Net: NetName=VAR1 Pin=U2-81
Added Net: Name=VAR1
Added Pin To Net: NetName=VAR2 Pin=U2-83
Added Net: Name=VAR2
Added Pin To Net: NetName=VCC-TV Pin=C28-1
Added Pin To Net: NetName=VCC-TV Pin=C29-1
Added Pin To Net: NetName=VCC-TV Pin=R10-2
Added Pin To Net: NetName=VCC-TV Pin=U2-73
Added Net: Name=VCC-TV
Added Pin To Net: NetName=VLED+ Pin=C16-1
Added Pin To Net: NetName=VLED+ Pin=D1-2
Added Pin To Net: NetName=VLED+ Pin=H2-2
Added Pin To Net: NetName=VLED+ Pin=U4-5
Added Net: Name=VLED+
Added Pin To Net: NetName=VLED- Pin=H2-1
Added Pin To Net: NetName=VLED- Pin=R18-2
Added Pin To Net: NetName=VLED- Pin=U4-3
Added Net: Name=VLED-
Added Pin To Net: NetName=VRA1 Pin=C18-1
Added Pin To Net: NetName=VRA1 Pin=R19-2
Added Net: Name=VRA1
Added Pin To Net: NetName=VRA2 Pin=C19-1
Added Pin To Net: NetName=VRA2 Pin=R20-2
Added Net: Name=VRA2
Added Class: Name=licheepi_nano_pcb
Added Room: Name=licheepi_nano_pcb
